[v 2.0.0]
- При скрытии оверлея панель управления и прогресс бар становятся неактивными.

- При открытии раздела "Настройки" с помощью ПКМ меню появляется возле курсора.
- В разделе "Настройки" добавлен новый подраздел "Дополнительно".
- В разделе "Настройки" добавлен новый подраздел "Управление".

- Добавлено запоминание: позиции, громкости, качества, озвучки, субтитров, скорости.
- Добавлены соответствующие настройки в подраздел настроек "Дополнительно".

- На панели управления добавлены кнопки переключения предыдущего и следующего видео.
- Добавлена возможность автоматически переходить на следующее видео при окончании текущего.
- Добавлена соответствующая настройка в подраздел настроек "Дополнительно".

- Добавлена возможность работы с параметрами URL (p, t, a, s).
- На панели управления добавлена кнопка для копирования ссылки на страницу с параметрами: текущего времени, озвучки, субтитров.
- Добавлен автостарт воспроизведения при открытии такой ссылки.

- Добавлен новый обязательный ключ входящих данных от БД: code.

- В подразделе настроек "Информация о плеере" изменены аватар и ссылка репозитория автора.
- В подразделе настроек "Информация о плеере" добавлена версия плеера.
- В подразделе настроек "Информация о плеере" изменен вид даты сборки.

- Добавлена возможность автоматически пропускать заставку и титры.
- На панели управления добавлены кнопки для добавления новых сегментов пользователями.
- Добавлены соответствующие настройки в подраздел настроек "Дополнительно".

- Добавлен визуализатор действий: загрузка, плей, пауза, изменение громкости/скорости/позиции.

- Добавлена функция авто скрытия раздела "Настройки" при неактивности 3 секунды.
- Добавлена соответствующая настройка в подраздел настроек "Дополнительно".

- На панели управления изменена ширина ползунка громкости с 60px до 75px.

- Подраздел настроек "Скорость воспроизведения" переименован в "Скорость".
- В подразделе настроек "Скорость воспроизведения" кнопки 0.5x, 1.5x, 2x заменены ползунком от 0.25 до 2.
